<?xml version="1.0" encoding="UTF-8"?>
<!-- Generated by org.testng.reporters.JUnitReportReporter -->
<testsuite hostname="IRIS-CSG-3954" failures="0" tests="1" name="com.helloworld.Helloo" time="0.009" errors="0" timestamp="2022-09-12T15:50:50 IST" skipped="0">
  <testcase classname="com.helloworld.Helloo" name="helloWorld" time="0.009"/>
  <system-out/>
</testsuite> <!-- com.helloworld.Helloo -->
